<?xml version="1.0" encoding="UTF-8"?>
<!-- Generated by org.testng.reporters.JUnitReportReporter -->
<testsuite skipped="0" hostname="DESKTOP-Q35FNOM" name="com.log4j.Log4j_OrangeHRM" tests="1" failures="0" timestamp="13 Feb 2020 07:36:55 GMT" time="4.410" errors="0">
  <testcase name="logIn" time="4.410" classname="com.log4j.Log4j_OrangeHRM"/>
</testsuite> <!-- com.log4j.Log4j_OrangeHRM -->
