<?xml version="1.0" encoding="UTF-8"?>
<!-- Generated by org.testng.reporters.JUnitReportReporter -->
<testsuite skipped="0" hostname="DESKTOP-Q35FNOM" name="com.log4j.Log4j2method" tests="1" failures="0" timestamp="16 Feb 2020 09:29:56 GMT" time="2.497" errors="0">
  <testcase name="logIn" time="2.497" classname="com.log4j.Log4j2method"/>
</testsuite> <!-- com.log4j.Log4j2method -->
